<<<<<<< HEAD
2025-07-04 23:57:04,267 INFO: ”¶”√∆Ù∂Ø [in C:\Users\wangq\Documents\VocabularyTrainer\app.py:90]
2025-07-04 23:57:04,771 INFO: ”¶”√∆Ù∂Ø [in C:\Users\wangq\Documents\VocabularyTrainer\app.py:90]
2025-07-04 23:57:10,670 INFO: ªÒ»°¥ÌŒÛ¿˙ ∑º«¬º: student_id=3, limit=50, book_id=None, list_id=None, date_from=2025-06-04, date_to=2025-07-04, sort_by=error_date, sort_order=desc [in C:\Users\wangq\Documents\VocabularyTrainer\app.py:543]
2025-07-04 23:57:25,961 INFO: ªÒ»°¥ÌŒÛ¿˙ ∑º«¬º: student_id=3, limit=50, book_id=None, list_id=None, date_from=2025-06-04, date_to=2025-07-04, sort_by=error_date, sort_order=desc [in C:\Users\wangq\Documents\VocabularyTrainer\app.py:543]
2025-07-04 23:58:32,585 INFO: ªÒ»°¥ÌŒÛ¿˙ ∑º«¬º: student_id=3, limit=50, book_id=None, list_id=None, date_from=2025-06-04, date_to=2025-07-04, sort_by=error_date, sort_order=desc [in C:\Users\wangq\Documents\VocabularyTrainer\app.py:543]
2025-07-04 23:59:02,593 INFO: ªÒ»°¥ÌŒÛ¿˙ ∑º«¬º: student_id=3, limit=50, book_id=None, list_id=None, date_from=2025-06-04, date_to=2025-07-04, sort_by=error_date, sort_order=asc [in C:\Users\wangq\Documents\VocabularyTrainer\app.py:543]
2025-07-04 23:59:04,194 INFO: ªÒ»°¥ÌŒÛ¿˙ ∑º«¬º: student_id=3, limit=50, book_id=None, list_id=None, date_from=2025-06-04, date_to=2025-07-04, sort_by=error_count, sort_order=desc [in C:\Users\wangq\Documents\VocabularyTrainer\app.py:543]
2025-07-04 23:59:34,259 INFO: ªÒ»°¥ÌŒÛ¿˙ ∑º«¬º: student_id=3, limit=50, book_id=None, list_id=None, date_from=2025-06-04, date_to=2025-07-04, sort_by=error_date, sort_order=desc [in C:\Users\wangq\Documents\VocabularyTrainer\app.py:543]
2025-07-05 00:00:31,379 INFO: ¥Ì¥ ∏¥œ∞ƒ£ ΩSQL: 
        SELECT w.word_id, w.spelling, w.meaning_cn, w.pos, w.audio_path_uk, w.audio_path_us,
               w.derivatives, w.root_etymology, w.mnemonic, w.comparison, w.collocation,
               w.exam_sentence, w.exam_year_source, w.exam_options, w.exam_explanation, w.tips,
               w.list_id,
               (SELECT COUNT(*) FROM ErrorLogs WHERE word_id = w.word_id AND student_id = ?) as error_count,
               (SELECT MAX(error_date) FROM ErrorLogs WHERE word_id = w.word_id AND student_id = ?) as last_error_date,
               wl.list_name, b.book_name
        FROM Words w
        INNER JOIN ErrorLogs e ON w.word_id = e.word_id
        LEFT JOIN WordLists wl ON w.list_id = wl.list_id
        LEFT JOIN Books b ON wl.book_id = b.book_id
        WHERE w.list_id = ? AND e.student_id = ?
        GROUP BY w.word_id
        ORDER BY error_count DESC, last_error_date DESC
         [in C:\Users\wangq\Documents\VocabularyTrainer\app.py:208]
2025-07-05 00:00:31,380 INFO: ¥Ì¥ ∏¥œ∞ƒ£ Ω≤Œ ˝: (3, 3, 197, 3) [in C:\Users\wangq\Documents\VocabularyTrainer\app.py:209]
2025-07-05 00:00:31,388 INFO: ¥Ì¥ ∏¥œ∞ƒ£ Ω: ¡–±ÌID=197, —ß…˙ID=3, ªÒ»°µΩ10∏ˆ¥Ì¥  [in C:\Users\wangq\Documents\VocabularyTrainer\app.py:216]
2025-07-05 00:00:31,390 INFO: ¥Ì¥  æ¿˝: ['heaven', 'lend', 'reply'] [in C:\Users\wangq\Documents\VocabularyTrainer\app.py:218]
2025-07-05 00:00:31,427 ERROR: ∑¢ÀÕ√ΩÃÂŒƒº˛ ±≥ˆ¥Ì: wordlists/junior_high/media/cambridge-acf2c0a1-ad89e7b5-2c59d2c1-c44ce1fb-be920af5.mp3, ¥ÌŒÛ: 404 Not Found: The requested URL was not found on the server. If you entered the URL manually please check your spelling and try again. [in C:\Users\wangq\Documents\VocabularyTrainer\app.py:108]
2025-07-05 00:00:37,448 INFO: ªÒ»°¥ÌŒÛ¿˙ ∑º«¬º: student_id=3, limit=50, book_id=None, list_id=None, date_from=2025-06-04, date_to=2025-07-04, sort_by=error_date, sort_order=desc [in C:\Users\wangq\Documents\VocabularyTrainer\app.py:543]
2025-07-05 00:02:16,758 INFO: ”¶”√∆Ù∂Ø [in C:\Users\wangq\Documents\VocabularyTrainer\app.py:90]
2025-07-05 00:02:17,207 INFO: ”¶”√∆Ù∂Ø [in C:\Users\wangq\Documents\VocabularyTrainer\app.py:90]
2025-07-05 00:02:42,498 INFO: ªÒ»°¥ÌŒÛ¿˙ ∑º«¬º: student_id=3, limit=50, book_id=None, list_id=None, date_from=2025-06-04, date_to=2025-07-04, sort_by=error_date, sort_order=desc [in C:\Users\wangq\Documents\VocabularyTrainer\app.py:543]
=======
2025-07-04 23:04:01,711 INFO: Â∫îÁî®ÂêØÂä® [in D:\Projects\VocabularyTrainer\app.py:90]
2025-07-04 23:04:03,088 INFO: Â∫îÁî®ÂêØÂä® [in D:\Projects\VocabularyTrainer\app.py:90]
2025-07-04 23:07:44,675 INFO: Â∫îÁî®ÂêØÂä® [in D:\Projects\VocabularyTrainer\app.py:90]
2025-07-04 23:07:45,769 INFO: Â∫îÁî®ÂêØÂä® [in D:\Projects\VocabularyTrainer\app.py:90]
2025-07-04 23:07:46,088 INFO: Ëé∑ÂèñÈîôËØØÂéÜÂè≤ËÆ∞ÂΩï: student_id=1, limit=50, book_id=None, list_id=None, date_from=2025-06-04, date_to=2025-07-04, sort_by=error_date, sort_order=desc [in D:\Projects\VocabularyTrainer\app.py:543]
2025-07-04 23:58:01,734 INFO: Â∫îÁî®ÂêØÂä® [in D:\Projects\VocabularyTrainer\app.py:90]
2025-07-04 23:58:03,172 INFO: Â∫îÁî®ÂêØÂä® [in D:\Projects\VocabularyTrainer\app.py:90]
2025-07-04 23:58:15,947 INFO: Ëé∑ÂèñÈîôËØØÂéÜÂè≤ËÆ∞ÂΩï: student_id=1, limit=50, book_id=None, list_id=None, date_from=2025-06-04, date_to=2025-07-04, sort_by=error_date, sort_order=desc [in D:\Projects\VocabularyTrainer\app.py:543]
2025-07-05 00:09:54,915 INFO: Ëé∑ÂèñÈîôËØØÂéÜÂè≤ËÆ∞ÂΩï: student_id=1, limit=50, book_id=None, list_id=None, date_from=2025-06-04, date_to=2025-07-04, sort_by=error_date, sort_order=desc [in D:\Projects\VocabularyTrainer\app.py:543]
2025-07-05 00:21:57,646 INFO: Â∫îÁî®ÂêØÂä® [in D:\Projects\VocabularyTrainer\app.py:90]
2025-07-05 00:22:11,250 INFO: Â∫îÁî®ÂêØÂä® [in D:\Projects\VocabularyTrainer\app.py:90]
2025-07-05 00:24:07,271 INFO: Â∫îÁî®ÂêØÂä® [in D:\Projects\VocabularyTrainer\app.py:90]
2025-07-05 00:24:21,790 INFO: Â∫îÁî®ÂêØÂä® [in D:\Projects\VocabularyTrainer\app.py:90]
2025-07-05 00:25:12,278 INFO: Ëé∑ÂèñÈîôËØØÂéÜÂè≤ËÆ∞ÂΩï: student_id=1, limit=50, book_id=None, list_id=None, date_from=2025-06-04, date_to=2025-07-04, sort_by=error_date, sort_order=desc [in D:\Projects\VocabularyTrainer\app.py:543]
2025-07-05 00:25:21,744 INFO: Ëé∑ÂèñÈîôËØØÂéÜÂè≤ËÆ∞ÂΩï: student_id=3, limit=50, book_id=None, list_id=None, date_from=2025-06-04, date_to=2025-07-04, sort_by=error_date, sort_order=desc [in D:\Projects\VocabularyTrainer\app.py:543]
2025-07-05 00:25:50,277 INFO: Ëé∑ÂèñÈîôËØØÂéÜÂè≤ËÆ∞ÂΩï: student_id=3, limit=50, book_id=None, list_id=None, date_from=2025-06-04, date_to=2025-07-04, sort_by=error_date, sort_order=asc [in D:\Projects\VocabularyTrainer\app.py:543]
2025-07-05 00:25:53,214 INFO: Ëé∑ÂèñÈîôËØØÂéÜÂè≤ËÆ∞ÂΩï: student_id=3, limit=50, book_id=None, list_id=None, date_from=2025-06-04, date_to=2025-07-04, sort_by=error_date, sort_order=desc [in D:\Projects\VocabularyTrainer\app.py:543]
2025-07-05 00:29:46,168 INFO: Ëé∑ÂèñÈîôËØØÂéÜÂè≤ËÆ∞ÂΩï: student_id=3, limit=50, book_id=None, list_id=None, date_from=2025-06-04, date_to=2025-07-04, sort_by=error_count, sort_order=desc [in D:\Projects\VocabularyTrainer\app.py:543]
2025-07-05 00:31:50,305 INFO: Â∫îÁî®ÂêØÂä® [in D:\Projects\VocabularyTrainer\app.py:90]
2025-07-05 00:31:51,952 INFO: Â∫îÁî®ÂêØÂä® [in D:\Projects\VocabularyTrainer\app.py:90]
2025-07-05 00:31:57,908 INFO: Ëé∑ÂèñÈîôËØØÂéÜÂè≤ËÆ∞ÂΩï: student_id=3, limit=500, book_id=None, list_id=None, date_from=2025-06-04, date_to=2025-07-04, sort_by=error_date, sort_order=desc [in D:\Projects\VocabularyTrainer\app.py:543]
2025-07-05 00:33:45,108 INFO: Ëé∑ÂèñÈîôËØØÂéÜÂè≤ËÆ∞ÂΩï: student_id=3, limit=500, book_id=None, list_id=None, date_from=2025-06-04, date_to=2025-07-04, sort_by=error_date, sort_order=desc [in D:\Projects\VocabularyTrainer\app.py:543]
2025-07-05 00:33:48,185 INFO: Ëé∑ÂèñÈîôËØØÂéÜÂè≤ËÆ∞ÂΩï: student_id=3, limit=500, book_id=None, list_id=None, date_from=2025-06-04, date_to=2025-07-04, sort_by=error_date, sort_order=desc [in D:\Projects\VocabularyTrainer\app.py:543]
2025-07-05 00:35:46,306 INFO: Â∫îÁî®ÂêØÂä® [in D:\Projects\VocabularyTrainer\app.py:90]
2025-07-05 00:36:06,149 INFO: Â∫îÁî®ÂêØÂä® [in D:\Projects\VocabularyTrainer\app.py:90]
2025-07-05 00:36:24,934 INFO: Â∫îÁî®ÂêØÂä® [in D:\Projects\VocabularyTrainer\app.py:90]
2025-07-05 00:36:34,459 INFO: Â∫îÁî®ÂêØÂä® [in D:\Projects\VocabularyTrainer\app.py:90]
2025-07-05 00:36:35,528 INFO: Â∫îÁî®ÂêØÂä® [in D:\Projects\VocabularyTrainer\app.py:90]
2025-07-05 00:36:38,633 INFO: Ëé∑ÂèñÈîôËØØÂéÜÂè≤ËÆ∞ÂΩï: student_id=3, limit=500, book_id=None, list_id=None, date_from=2025-06-04, date_to=2025-07-04, sort_by=error_date, sort_order=desc [in D:\Projects\VocabularyTrainer\app.py:543]
2025-07-05 00:36:38,727 ERROR: Ëé∑ÂèñÈîôËØØÂéÜÂè≤ËÆ∞ÂΩïÊó∂Âá∫Èîô: name 'total_tested' is not defined [in D:\Projects\VocabularyTrainer\app.py:779]
2025-07-05 00:36:44,239 INFO: Ëé∑ÂèñÈîôËØØÂéÜÂè≤ËÆ∞ÂΩï: student_id=3, limit=500, book_id=None, list_id=None, date_from=2025-06-04, date_to=2025-07-04, sort_by=error_date, sort_order=desc [in D:\Projects\VocabularyTrainer\app.py:543]
2025-07-05 00:36:44,409 ERROR: Ëé∑ÂèñÈîôËØØÂéÜÂè≤ËÆ∞ÂΩïÊó∂Âá∫Èîô: name 'total_tested' is not defined [in D:\Projects\VocabularyTrainer\app.py:779]
2025-07-05 00:37:18,023 INFO: Â∫îÁî®ÂêØÂä® [in D:\Projects\VocabularyTrainer\app.py:90]
2025-07-05 00:37:18,259 INFO: Â∫îÁî®ÂêØÂä® [in D:\Projects\VocabularyTrainer\app.py:90]
2025-07-05 00:37:30,866 INFO: Â∫îÁî®ÂêØÂä® [in D:\Projects\VocabularyTrainer\app.py:90]
2025-07-05 00:37:31,918 INFO: Â∫îÁî®ÂêØÂä® [in D:\Projects\VocabularyTrainer\app.py:90]
2025-07-05 00:37:47,542 INFO: Â∫îÁî®ÂêØÂä® [in D:\Projects\VocabularyTrainer\app.py:90]
2025-07-05 00:37:48,688 INFO: Â∫îÁî®ÂêØÂä® [in D:\Projects\VocabularyTrainer\app.py:90]
2025-07-05 00:37:49,727 INFO: Ëé∑ÂèñÈîôËØØÂéÜÂè≤ËÆ∞ÂΩï: student_id=3, limit=500, book_id=None, list_id=None, date_from=2025-06-04, date_to=2025-07-04, sort_by=error_date, sort_order=desc [in D:\Projects\VocabularyTrainer\app.py:543]
>>>>>>> 7cd6bd4cd8c4ec341e02ec865dc3c9493cbe37a1
2025-07-05 00:43:41,588 INFO: ”¶”√∆Ù∂Ø [in C:\Users\wangq\Documents\VocabularyTrainer\app.py:90]
2025-07-05 00:43:42,015 INFO: ”¶”√∆Ù∂Ø [in C:\Users\wangq\Documents\VocabularyTrainer\app.py:90]
2025-07-05 00:43:46,091 INFO: ªÒ»°¥ÌŒÛ¿˙ ∑º«¬º: student_id=3, limit=500, book_id=None, list_id=None, date_from=2025-06-04, date_to=2025-07-04, sort_by=error_date, sort_order=desc [in C:\Users\wangq\Documents\VocabularyTrainer\app.py:543]
