2025-07-15 21:27:53,746 INFO: 更新SRS进度请求: student_id=7 [in /var/www/vocabulary/app.py:1537]
2025-07-15 21:27:53,747 INFO: 更新SRS进度参数: word_id=10378, grade=4 [in /var/www/vocabulary/app.py:1551]
2025-07-15 21:27:53,748 INFO: 更新现有SRS进度: student_id=7, word_id=10378, 当前repetitions=0, interval=1 [in /var/www/vocabulary/app.py:1587]
2025-07-15 21:27:53,748 INFO: SRS算法更新: grade=4, repetitions: 0->1, interval: 1->1, next_review=2025-07-16 [in /var/www/vocabulary/app.py:1612]
2025-07-15 21:27:53,757 INFO: 单词添加到验证池: student_id=7, word_id=10378, claimed_grade=4 [in /var/www/vocabulary/app.py:1327]
2025-07-15 21:27:53,765 INFO: 高评分单词已添加到验证池: word_id=10378, grade=4 [in /var/www/vocabulary/app.py:1627]
2025-07-15 21:27:53,765 INFO: SRS进度更新成功: student_id=7, word_id=10378 [in /var/www/vocabulary/app.py:1629]
2025-07-15 21:27:54,184 INFO: 更新SRS进度请求: student_id=7 [in /var/www/vocabulary/app.py:1537]
2025-07-15 21:27:54,184 INFO: 更新SRS进度参数: word_id=10252, grade=4 [in /var/www/vocabulary/app.py:1551]
2025-07-15 21:27:54,185 INFO: 更新现有SRS进度: student_id=7, word_id=10252, 当前repetitions=0, interval=1 [in /var/www/vocabulary/app.py:1587]
2025-07-15 21:27:54,185 INFO: SRS算法更新: grade=4, repetitions: 0->1, interval: 1->1, next_review=2025-07-16 [in /var/www/vocabulary/app.py:1612]
2025-07-15 21:27:54,193 INFO: 单词添加到验证池: student_id=7, word_id=10252, claimed_grade=4 [in /var/www/vocabulary/app.py:1327]
2025-07-15 21:27:54,204 INFO: 高评分单词已添加到验证池: word_id=10252, grade=4 [in /var/www/vocabulary/app.py:1627]
2025-07-15 21:27:54,204 INFO: SRS进度更新成功: student_id=7, word_id=10252 [in /var/www/vocabulary/app.py:1629]
2025-07-15 21:27:54,330 INFO: 更新SRS进度请求: student_id=7 [in /var/www/vocabulary/app.py:1537]
2025-07-15 21:27:54,330 INFO: 更新SRS进度参数: word_id=10311, grade=4 [in /var/www/vocabulary/app.py:1551]
2025-07-15 21:27:54,331 INFO: 更新现有SRS进度: student_id=7, word_id=10311, 当前repetitions=0, interval=1 [in /var/www/vocabulary/app.py:1587]
2025-07-15 21:27:54,332 INFO: SRS算法更新: grade=4, repetitions: 0->1, interval: 1->1, next_review=2025-07-16 [in /var/www/vocabulary/app.py:1612]
2025-07-15 21:27:54,340 INFO: 单词添加到验证池: student_id=7, word_id=10311, claimed_grade=4 [in /var/www/vocabulary/app.py:1327]
2025-07-15 21:27:54,347 INFO: 高评分单词已添加到验证池: word_id=10311, grade=4 [in /var/www/vocabulary/app.py:1627]
2025-07-15 21:27:54,348 INFO: SRS进度更新成功: student_id=7, word_id=10311 [in /var/www/vocabulary/app.py:1629]
2025-07-15 21:27:54,744 INFO: 更新SRS进度请求: student_id=7 [in /var/www/vocabulary/app.py:1537]
2025-07-15 21:27:54,745 INFO: 更新SRS进度参数: word_id=10236, grade=4 [in /var/www/vocabulary/app.py:1551]
2025-07-15 21:27:54,746 INFO: 更新现有SRS进度: student_id=7, word_id=10236, 当前repetitions=0, interval=1 [in /var/www/vocabulary/app.py:1587]
2025-07-15 21:27:54,746 INFO: SRS算法更新: grade=4, repetitions: 0->1, interval: 1->1, next_review=2025-07-16 [in /var/www/vocabulary/app.py:1612]
2025-07-15 21:27:54,755 INFO: 单词添加到验证池: student_id=7, word_id=10236, claimed_grade=4 [in /var/www/vocabulary/app.py:1327]
2025-07-15 21:27:54,762 INFO: 高评分单词已添加到验证池: word_id=10236, grade=4 [in /var/www/vocabulary/app.py:1627]
2025-07-15 21:27:54,762 INFO: SRS进度更新成功: student_id=7, word_id=10236 [in /var/www/vocabulary/app.py:1629]
2025-07-15 23:42:52,040 INFO: 获取错误历史记录: student_id=3, limit=500, book_id=None, list_id=None, date_from=2025-06-15, date_to=2025-07-15, sort_by=error_date, sort_order=desc [in /var/www/vocabulary/app.py:636]
