2025-07-15 00:59:48,109 INFO: 应用启动 [in D:\Projects\VocabularyTrainer\app.py:92]
2025-07-15 01:00:16,120 INFO: 更新SRS进度请求: student_id=1 [in D:\Projects\VocabularyTrainer\app.py:1474]
2025-07-15 01:00:16,121 INFO: 更新SRS进度参数: word_id=10813, grade=5 [in D:\Projects\VocabularyTrainer\app.py:1488]
2025-07-15 01:00:16,125 INFO: 更新现有SRS进度: student_id=1, word_id=10813, 当前repetitions=1, interval=1 [in D:\Projects\VocabularyTrainer\app.py:1524]
2025-07-15 01:00:16,125 INFO: SRS算法更新: grade=5, repetitions: 1->2, interval: 1->6, next_review=2025-07-21 [in D:\Projects\VocabularyTrainer\app.py:1549]
2025-07-15 01:00:16,152 INFO: 单词添加到验证池: student_id=1, word_id=10813, claimed_grade=5 [in D:\Projects\VocabularyTrainer\app.py:1303]
2025-07-15 01:00:16,173 INFO: 高评分单词已添加到验证池: word_id=10813, grade=5 [in D:\Projects\VocabularyTrainer\app.py:1564]
2025-07-15 01:00:16,175 INFO: SRS进度更新成功: student_id=1, word_id=10813 [in D:\Projects\VocabularyTrainer\app.py:1566]
2025-07-15 01:00:17,455 INFO: 更新SRS进度请求: student_id=1 [in D:\Projects\VocabularyTrainer\app.py:1474]
2025-07-15 01:00:17,456 INFO: 更新SRS进度参数: word_id=10841, grade=5 [in D:\Projects\VocabularyTrainer\app.py:1488]
2025-07-15 01:00:17,459 INFO: 更新现有SRS进度: student_id=1, word_id=10841, 当前repetitions=1, interval=1 [in D:\Projects\VocabularyTrainer\app.py:1524]
2025-07-15 01:00:17,460 INFO: SRS算法更新: grade=5, repetitions: 1->2, interval: 1->6, next_review=2025-07-21 [in D:\Projects\VocabularyTrainer\app.py:1549]
2025-07-15 01:00:17,483 INFO: 单词添加到验证池: student_id=1, word_id=10841, claimed_grade=5 [in D:\Projects\VocabularyTrainer\app.py:1303]
2025-07-15 01:00:17,503 INFO: 高评分单词已添加到验证池: word_id=10841, grade=5 [in D:\Projects\VocabularyTrainer\app.py:1564]
2025-07-15 01:00:17,506 INFO: SRS进度更新成功: student_id=1, word_id=10841 [in D:\Projects\VocabularyTrainer\app.py:1566]
2025-07-15 01:00:18,819 INFO: 更新SRS进度请求: student_id=1 [in D:\Projects\VocabularyTrainer\app.py:1474]
2025-07-15 01:00:18,820 INFO: 更新SRS进度参数: word_id=10842, grade=5 [in D:\Projects\VocabularyTrainer\app.py:1488]
2025-07-15 01:00:18,825 INFO: 更新现有SRS进度: student_id=1, word_id=10842, 当前repetitions=1, interval=1 [in D:\Projects\VocabularyTrainer\app.py:1524]
2025-07-15 01:00:18,826 INFO: SRS算法更新: grade=5, repetitions: 1->2, interval: 1->6, next_review=2025-07-21 [in D:\Projects\VocabularyTrainer\app.py:1549]
2025-07-15 01:00:18,852 INFO: 高评分单词已添加到验证池: word_id=10842, grade=5 [in D:\Projects\VocabularyTrainer\app.py:1564]
2025-07-15 01:00:18,853 INFO: SRS进度更新成功: student_id=1, word_id=10842 [in D:\Projects\VocabularyTrainer\app.py:1566]
2025-07-15 01:00:19,459 INFO: 更新SRS进度请求: student_id=1 [in D:\Projects\VocabularyTrainer\app.py:1474]
2025-07-15 01:00:19,459 INFO: 更新SRS进度参数: word_id=10832, grade=5 [in D:\Projects\VocabularyTrainer\app.py:1488]
2025-07-15 01:00:19,463 INFO: 更新现有SRS进度: student_id=1, word_id=10832, 当前repetitions=1, interval=1 [in D:\Projects\VocabularyTrainer\app.py:1524]
2025-07-15 01:00:19,463 INFO: SRS算法更新: grade=5, repetitions: 1->2, interval: 1->6, next_review=2025-07-21 [in D:\Projects\VocabularyTrainer\app.py:1549]
2025-07-15 01:00:19,483 INFO: 高评分单词已添加到验证池: word_id=10832, grade=5 [in D:\Projects\VocabularyTrainer\app.py:1564]
2025-07-15 01:00:19,485 INFO: SRS进度更新成功: student_id=1, word_id=10832 [in D:\Projects\VocabularyTrainer\app.py:1566]
2025-07-15 01:00:20,012 INFO: 更新SRS进度请求: student_id=1 [in D:\Projects\VocabularyTrainer\app.py:1474]
2025-07-15 01:00:20,013 INFO: 更新SRS进度参数: word_id=10809, grade=5 [in D:\Projects\VocabularyTrainer\app.py:1488]
2025-07-15 01:00:20,016 INFO: 更新现有SRS进度: student_id=1, word_id=10809, 当前repetitions=2, interval=6 [in D:\Projects\VocabularyTrainer\app.py:1524]
2025-07-15 01:00:20,017 INFO: SRS算法更新: grade=5, repetitions: 2->3, interval: 6->15, next_review=2025-07-30 [in D:\Projects\VocabularyTrainer\app.py:1549]
2025-07-15 01:00:20,042 INFO: 高评分单词已添加到验证池: word_id=10809, grade=5 [in D:\Projects\VocabularyTrainer\app.py:1564]
2025-07-15 01:00:20,043 INFO: SRS进度更新成功: student_id=1, word_id=10809 [in D:\Projects\VocabularyTrainer\app.py:1566]
2025-07-15 01:00:20,526 INFO: 更新SRS进度请求: student_id=1 [in D:\Projects\VocabularyTrainer\app.py:1474]
2025-07-15 01:00:20,526 INFO: 更新SRS进度参数: word_id=10829, grade=5 [in D:\Projects\VocabularyTrainer\app.py:1488]
2025-07-15 01:00:20,529 INFO: 更新现有SRS进度: student_id=1, word_id=10829, 当前repetitions=2, interval=6 [in D:\Projects\VocabularyTrainer\app.py:1524]
2025-07-15 01:00:20,530 INFO: SRS算法更新: grade=5, repetitions: 2->3, interval: 6->15, next_review=2025-07-30 [in D:\Projects\VocabularyTrainer\app.py:1549]
2025-07-15 01:00:20,556 INFO: 高评分单词已添加到验证池: word_id=10829, grade=5 [in D:\Projects\VocabularyTrainer\app.py:1564]
2025-07-15 01:00:20,556 INFO: SRS进度更新成功: student_id=1, word_id=10829 [in D:\Projects\VocabularyTrainer\app.py:1566]
2025-07-15 01:00:21,059 INFO: 更新SRS进度请求: student_id=1 [in D:\Projects\VocabularyTrainer\app.py:1474]
2025-07-15 01:00:21,060 INFO: 更新SRS进度参数: word_id=10821, grade=5 [in D:\Projects\VocabularyTrainer\app.py:1488]
2025-07-15 01:00:21,063 INFO: 更新现有SRS进度: student_id=1, word_id=10821, 当前repetitions=2, interval=6 [in D:\Projects\VocabularyTrainer\app.py:1524]
2025-07-15 01:00:21,064 INFO: SRS算法更新: grade=5, repetitions: 2->3, interval: 6->15, next_review=2025-07-30 [in D:\Projects\VocabularyTrainer\app.py:1549]
2025-07-15 01:00:21,089 INFO: 高评分单词已添加到验证池: word_id=10821, grade=5 [in D:\Projects\VocabularyTrainer\app.py:1564]
2025-07-15 01:00:21,090 INFO: SRS进度更新成功: student_id=1, word_id=10821 [in D:\Projects\VocabularyTrainer\app.py:1566]
2025-07-15 01:00:21,829 INFO: 更新SRS进度请求: student_id=1 [in D:\Projects\VocabularyTrainer\app.py:1474]
2025-07-15 01:00:21,830 INFO: 更新SRS进度参数: word_id=10833, grade=5 [in D:\Projects\VocabularyTrainer\app.py:1488]
2025-07-15 01:00:21,833 INFO: 更新现有SRS进度: student_id=1, word_id=10833, 当前repetitions=2, interval=6 [in D:\Projects\VocabularyTrainer\app.py:1524]
2025-07-15 01:00:21,834 INFO: SRS算法更新: grade=5, repetitions: 2->3, interval: 6->15, next_review=2025-07-30 [in D:\Projects\VocabularyTrainer\app.py:1549]
2025-07-15 01:00:21,858 INFO: 高评分单词已添加到验证池: word_id=10833, grade=5 [in D:\Projects\VocabularyTrainer\app.py:1564]
2025-07-15 01:00:21,859 INFO: SRS进度更新成功: student_id=1, word_id=10833 [in D:\Projects\VocabularyTrainer\app.py:1566]
2025-07-15 01:00:22,634 INFO: 更新SRS进度请求: student_id=1 [in D:\Projects\VocabularyTrainer\app.py:1474]
2025-07-15 01:00:22,634 INFO: 更新SRS进度参数: word_id=10839, grade=5 [in D:\Projects\VocabularyTrainer\app.py:1488]
2025-07-15 01:00:22,638 INFO: 更新现有SRS进度: student_id=1, word_id=10839, 当前repetitions=2, interval=6 [in D:\Projects\VocabularyTrainer\app.py:1524]
2025-07-15 01:00:22,638 INFO: SRS算法更新: grade=5, repetitions: 2->3, interval: 6->15, next_review=2025-07-30 [in D:\Projects\VocabularyTrainer\app.py:1549]
2025-07-15 01:00:22,667 INFO: 高评分单词已添加到验证池: word_id=10839, grade=5 [in D:\Projects\VocabularyTrainer\app.py:1564]
2025-07-15 01:00:22,668 INFO: SRS进度更新成功: student_id=1, word_id=10839 [in D:\Projects\VocabularyTrainer\app.py:1566]
2025-07-15 01:00:23,380 INFO: 更新SRS进度请求: student_id=1 [in D:\Projects\VocabularyTrainer\app.py:1474]
2025-07-15 01:00:23,380 INFO: 更新SRS进度参数: word_id=10820, grade=5 [in D:\Projects\VocabularyTrainer\app.py:1488]
2025-07-15 01:00:23,383 INFO: 更新现有SRS进度: student_id=1, word_id=10820, 当前repetitions=2, interval=6 [in D:\Projects\VocabularyTrainer\app.py:1524]
2025-07-15 01:00:23,384 INFO: SRS算法更新: grade=5, repetitions: 2->3, interval: 6->15, next_review=2025-07-30 [in D:\Projects\VocabularyTrainer\app.py:1549]
2025-07-15 01:00:23,409 INFO: 高评分单词已添加到验证池: word_id=10820, grade=5 [in D:\Projects\VocabularyTrainer\app.py:1564]
2025-07-15 01:00:23,409 INFO: SRS进度更新成功: student_id=1, word_id=10820 [in D:\Projects\VocabularyTrainer\app.py:1566]
2025-07-15 01:00:27,280 INFO: 验证测试结果: student_id=1, word_id=10809, result=failed [in D:\Projects\VocabularyTrainer\app.py:1730]
