2025-07-17 09:45:48,782 ERROR: TTS生成失败: madam, 错误: Failed to connect. Probable cause: Unknown [in /var/www/vocabulary/app.py:155]
2025-07-17 09:46:26,883 ERROR: TTS生成失败: mad, 错误: Failed to connect. Probable cause: Unknown [in /var/www/vocabulary/app.py:155]
2025-07-17 09:47:01,247 ERROR: TTS生成失败: courage, 错误: Failed to connect. Probable cause: Unknown [in /var/www/vocabulary/app.py:155]
2025-07-17 09:58:46,579 ERROR: TTS生成失败: sight, 错误: Failed to connect. Probable cause: Unknown [in /var/www/vocabulary/app.py:155]
2025-07-17 12:03:11,498 INFO: 获取错误历史记录: student_id=1, limit=500, book_id=None, list_id=None, date_from=2025-06-17, date_to=2025-07-17, sort_by=error_date, sort_order=desc [in /var/www/vocabulary/app.py:656]
2025-07-17 12:58:04,715 INFO: 获取错误历史记录: student_id=3, limit=500, book_id=None, list_id=None, date_from=2025-06-17, date_to=2025-07-17, sort_by=error_date, sort_order=desc [in /var/www/vocabulary/app.py:656]
2025-07-17 13:00:46,812 INFO: 收到答案提交请求: 用户ID=1, 答案数量=10 [in /var/www/vocabulary/app.py:314]
2025-07-17 13:00:46,812 INFO: 第一个答案示例: word_id=10903, answer=fact [in /var/www/vocabulary/app.py:316]
2025-07-17 13:00:46,814 INFO: 创建新的SRS进度记录: student_id=1, word_id=10903, 正确=True [in /var/www/vocabulary/app.py:421]
2025-07-17 13:00:46,815 INFO: SRS进度更新: word_id=10903, 正确=True, repetitions: 1, interval: 1天, next_review: 2025-07-18 [in /var/www/vocabulary/app.py:467]
2025-07-17 13:00:46,815 INFO: 创建新的SRS进度记录: student_id=1, word_id=10896, 正确=True [in /var/www/vocabulary/app.py:421]
2025-07-17 13:00:46,815 INFO: SRS进度更新: word_id=10896, 正确=True, repetitions: 1, interval: 1天, next_review: 2025-07-18 [in /var/www/vocabulary/app.py:467]
2025-07-17 13:00:46,815 INFO: 创建新的SRS进度记录: student_id=1, word_id=10911, 正确=True [in /var/www/vocabulary/app.py:421]
2025-07-17 13:00:46,815 INFO: SRS进度更新: word_id=10911, 正确=True, repetitions: 1, interval: 1天, next_review: 2025-07-18 [in /var/www/vocabulary/app.py:467]
2025-07-17 13:00:46,815 INFO: 创建新的SRS进度记录: student_id=1, word_id=10909, 正确=True [in /var/www/vocabulary/app.py:421]
2025-07-17 13:00:46,815 INFO: SRS进度更新: word_id=10909, 正确=True, repetitions: 1, interval: 1天, next_review: 2025-07-18 [in /var/www/vocabulary/app.py:467]
2025-07-17 13:00:46,816 INFO: 创建新的SRS进度记录: student_id=1, word_id=10902, 正确=True [in /var/www/vocabulary/app.py:421]
2025-07-17 13:00:46,816 INFO: SRS进度更新: word_id=10902, 正确=True, repetitions: 1, interval: 1天, next_review: 2025-07-18 [in /var/www/vocabulary/app.py:467]
2025-07-17 13:00:46,816 INFO: 创建新的SRS进度记录: student_id=1, word_id=10912, 正确=True [in /var/www/vocabulary/app.py:421]
2025-07-17 13:00:46,816 INFO: SRS进度更新: word_id=10912, 正确=True, repetitions: 1, interval: 1天, next_review: 2025-07-18 [in /var/www/vocabulary/app.py:467]
2025-07-17 13:00:46,816 INFO: 创建新的SRS进度记录: student_id=1, word_id=10915, 正确=True [in /var/www/vocabulary/app.py:421]
2025-07-17 13:00:46,816 INFO: SRS进度更新: word_id=10915, 正确=True, repetitions: 1, interval: 1天, next_review: 2025-07-18 [in /var/www/vocabulary/app.py:467]
2025-07-17 13:00:46,816 INFO: 创建新的SRS进度记录: student_id=1, word_id=10923, 正确=True [in /var/www/vocabulary/app.py:421]
2025-07-17 13:00:46,816 INFO: SRS进度更新: word_id=10923, 正确=True, repetitions: 1, interval: 1天, next_review: 2025-07-18 [in /var/www/vocabulary/app.py:467]
2025-07-17 13:00:46,816 INFO: 创建新的SRS进度记录: student_id=1, word_id=10897, 正确=True [in /var/www/vocabulary/app.py:421]
2025-07-17 13:00:46,817 INFO: SRS进度更新: word_id=10897, 正确=True, repetitions: 1, interval: 1天, next_review: 2025-07-18 [in /var/www/vocabulary/app.py:467]
2025-07-17 13:00:46,817 INFO: 创建新的SRS进度记录: student_id=1, word_id=10917, 正确=True [in /var/www/vocabulary/app.py:421]
2025-07-17 13:00:46,817 INFO: SRS进度更新: word_id=10917, 正确=True, repetitions: 1, interval: 1天, next_review: 2025-07-18 [in /var/www/vocabulary/app.py:467]
2025-07-17 13:00:46,817 INFO: SRS进度更新完成: 用户ID=1, 处理单词数=10 [in /var/www/vocabulary/app.py:469]
2025-07-17 13:00:46,826 INFO: 答案提交完成: 用户ID=1, 错误数量=0 [in /var/www/vocabulary/app.py:478]
