2025-07-15 01:11:10,360 INFO: 应用启动 [in D:\Projects\VocabularyTrainer\app.py:92]
2025-07-15 01:11:33,697 INFO: SRS复习单词获取: 用户ID=1, 错词数=4, 总单词数=4 [in D:\Projects\VocabularyTrainer\app.py:1516]
2025-07-15 01:11:35,559 INFO: SRS复习单词获取: 用户ID=1, 错词数=4, 总单词数=4 [in D:\Projects\VocabularyTrainer\app.py:1516]
2025-07-15 01:11:39,793 INFO: 更新SRS进度请求: student_id=1 [in D:\Projects\VocabularyTrainer\app.py:1529]
2025-07-15 01:11:39,794 INFO: 更新SRS进度参数: word_id=10813, grade=5 [in D:\Projects\VocabularyTrainer\app.py:1543]
2025-07-15 01:11:39,797 INFO: 更新现有SRS进度: student_id=1, word_id=10813, 当前repetitions=2, interval=6 [in D:\Projects\VocabularyTrainer\app.py:1579]
2025-07-15 01:11:39,801 INFO: SRS算法更新: grade=5, repetitions: 2->3, interval: 6->15, next_review=2025-07-30 [in D:\Projects\VocabularyTrainer\app.py:1604]
2025-07-15 01:11:39,824 INFO: 高评分单词已添加到验证池: word_id=10813, grade=5 [in D:\Projects\VocabularyTrainer\app.py:1619]
2025-07-15 01:11:39,825 INFO: SRS进度更新成功: student_id=1, word_id=10813 [in D:\Projects\VocabularyTrainer\app.py:1621]
2025-07-15 01:11:41,121 INFO: 更新SRS进度请求: student_id=1 [in D:\Projects\VocabularyTrainer\app.py:1529]
2025-07-15 01:11:41,122 INFO: 更新SRS进度参数: word_id=10841, grade=5 [in D:\Projects\VocabularyTrainer\app.py:1543]
2025-07-15 01:11:41,126 INFO: 更新现有SRS进度: student_id=1, word_id=10841, 当前repetitions=2, interval=6 [in D:\Projects\VocabularyTrainer\app.py:1579]
2025-07-15 01:11:41,126 INFO: SRS算法更新: grade=5, repetitions: 2->3, interval: 6->15, next_review=2025-07-30 [in D:\Projects\VocabularyTrainer\app.py:1604]
2025-07-15 01:11:41,143 INFO: 高评分单词已添加到验证池: word_id=10841, grade=5 [in D:\Projects\VocabularyTrainer\app.py:1619]
2025-07-15 01:11:41,144 INFO: SRS进度更新成功: student_id=1, word_id=10841 [in D:\Projects\VocabularyTrainer\app.py:1621]
2025-07-15 01:11:42,111 INFO: 更新SRS进度请求: student_id=1 [in D:\Projects\VocabularyTrainer\app.py:1529]
2025-07-15 01:11:42,111 INFO: 更新SRS进度参数: word_id=10842, grade=5 [in D:\Projects\VocabularyTrainer\app.py:1543]
2025-07-15 01:11:42,115 INFO: 更新现有SRS进度: student_id=1, word_id=10842, 当前repetitions=2, interval=6 [in D:\Projects\VocabularyTrainer\app.py:1579]
2025-07-15 01:11:42,116 INFO: SRS算法更新: grade=5, repetitions: 2->3, interval: 6->15, next_review=2025-07-30 [in D:\Projects\VocabularyTrainer\app.py:1604]
2025-07-15 01:11:42,156 INFO: 高评分单词已添加到验证池: word_id=10842, grade=5 [in D:\Projects\VocabularyTrainer\app.py:1619]
2025-07-15 01:11:42,157 INFO: SRS进度更新成功: student_id=1, word_id=10842 [in D:\Projects\VocabularyTrainer\app.py:1621]
2025-07-15 01:11:43,601 INFO: 更新SRS进度请求: student_id=1 [in D:\Projects\VocabularyTrainer\app.py:1529]
2025-07-15 01:11:43,602 INFO: 更新SRS进度参数: word_id=10832, grade=5 [in D:\Projects\VocabularyTrainer\app.py:1543]
2025-07-15 01:11:43,606 INFO: 更新现有SRS进度: student_id=1, word_id=10832, 当前repetitions=2, interval=6 [in D:\Projects\VocabularyTrainer\app.py:1579]
2025-07-15 01:11:43,606 INFO: SRS算法更新: grade=5, repetitions: 2->3, interval: 6->15, next_review=2025-07-30 [in D:\Projects\VocabularyTrainer\app.py:1604]
2025-07-15 01:11:43,632 INFO: 高评分单词已添加到验证池: word_id=10832, grade=5 [in D:\Projects\VocabularyTrainer\app.py:1619]
2025-07-15 01:11:43,633 INFO: SRS进度更新成功: student_id=1, word_id=10832 [in D:\Projects\VocabularyTrainer\app.py:1621]
2025-07-15 01:11:47,439 INFO: 验证测试结果: student_id=1, word_id=10829, result=passed [in D:\Projects\VocabularyTrainer\app.py:1785]
2025-07-15 01:11:49,246 INFO: 验证测试结果: student_id=1, word_id=10829, result=passed [in D:\Projects\VocabularyTrainer\app.py:1785]
2025-07-15 01:13:17,810 INFO: SRS复习单词获取: 用户ID=1, 错词数=4, 总单词数=4 [in D:\Projects\VocabularyTrainer\app.py:1516]
2025-07-15 01:13:20,138 INFO: SRS复习单词获取: 用户ID=1, 错词数=4, 总单词数=4 [in D:\Projects\VocabularyTrainer\app.py:1516]
2025-07-15 01:13:55,388 INFO: SRS复习单词获取: 用户ID=1, 错词数=4, 总单词数=4 [in D:\Projects\VocabularyTrainer\app.py:1516]
