2025-07-08 19:45:21,072 INFO: 应用启动 [in D:\Projects\VocabularyTrainer\app.py:92]
2025-07-08 19:45:37,130 INFO: 更新SRS进度请求: student_id=1 [in D:\Projects\VocabularyTrainer\app.py:1474]
2025-07-08 19:45:37,135 INFO: 更新SRS进度参数: word_id=10832, grade=5 [in D:\Projects\VocabularyTrainer\app.py:1488]
2025-07-08 19:45:37,144 INFO: 更新现有SRS进度: student_id=1, word_id=10832, 当前repetitions=0, interval=1 [in D:\Projects\VocabularyTrainer\app.py:1524]
2025-07-08 19:45:37,147 INFO: SRS算法更新: grade=5, repetitions: 0->1, interval: 1->1, next_review=2025-07-09 [in D:\Projects\VocabularyTrainer\app.py:1549]
2025-07-08 19:45:37,177 INFO: 单词添加到验证池: student_id=1, word_id=10832, claimed_grade=5 [in D:\Projects\VocabularyTrainer\app.py:1303]
2025-07-08 19:45:37,211 INFO: 高评分单词已添加到验证池: word_id=10832, grade=5 [in D:\Projects\VocabularyTrainer\app.py:1564]
2025-07-08 19:45:37,212 INFO: SRS进度更新成功: student_id=1, word_id=10832 [in D:\Projects\VocabularyTrainer\app.py:1566]
2025-07-08 19:45:45,887 INFO: 更新SRS进度请求: student_id=1 [in D:\Projects\VocabularyTrainer\app.py:1474]
2025-07-08 19:45:45,888 INFO: 更新SRS进度参数: word_id=10809, grade=5 [in D:\Projects\VocabularyTrainer\app.py:1488]
2025-07-08 19:45:45,893 INFO: 更新现有SRS进度: student_id=1, word_id=10809, 当前repetitions=1, interval=1 [in D:\Projects\VocabularyTrainer\app.py:1524]
2025-07-08 19:45:45,894 INFO: SRS算法更新: grade=5, repetitions: 1->2, interval: 1->6, next_review=2025-07-14 [in D:\Projects\VocabularyTrainer\app.py:1549]
2025-07-08 19:45:45,921 INFO: 单词添加到验证池: student_id=1, word_id=10809, claimed_grade=5 [in D:\Projects\VocabularyTrainer\app.py:1303]
2025-07-08 19:45:45,941 INFO: 高评分单词已添加到验证池: word_id=10809, grade=5 [in D:\Projects\VocabularyTrainer\app.py:1564]
2025-07-08 19:45:45,944 INFO: SRS进度更新成功: student_id=1, word_id=10809 [in D:\Projects\VocabularyTrainer\app.py:1566]
2025-07-08 19:45:47,810 INFO: 更新SRS进度请求: student_id=1 [in D:\Projects\VocabularyTrainer\app.py:1474]
2025-07-08 19:45:47,811 INFO: 更新SRS进度参数: word_id=10829, grade=5 [in D:\Projects\VocabularyTrainer\app.py:1488]
2025-07-08 19:45:47,815 INFO: 更新现有SRS进度: student_id=1, word_id=10829, 当前repetitions=1, interval=1 [in D:\Projects\VocabularyTrainer\app.py:1524]
2025-07-08 19:45:47,816 INFO: SRS算法更新: grade=5, repetitions: 1->2, interval: 1->6, next_review=2025-07-14 [in D:\Projects\VocabularyTrainer\app.py:1549]
2025-07-08 19:45:47,844 INFO: 单词添加到验证池: student_id=1, word_id=10829, claimed_grade=5 [in D:\Projects\VocabularyTrainer\app.py:1303]
2025-07-08 19:45:47,863 INFO: 高评分单词已添加到验证池: word_id=10829, grade=5 [in D:\Projects\VocabularyTrainer\app.py:1564]
2025-07-08 19:45:47,863 INFO: SRS进度更新成功: student_id=1, word_id=10829 [in D:\Projects\VocabularyTrainer\app.py:1566]
2025-07-08 19:45:49,342 INFO: 更新SRS进度请求: student_id=1 [in D:\Projects\VocabularyTrainer\app.py:1474]
2025-07-08 19:45:49,343 INFO: 更新SRS进度参数: word_id=10821, grade=5 [in D:\Projects\VocabularyTrainer\app.py:1488]
2025-07-08 19:45:49,346 INFO: 更新现有SRS进度: student_id=1, word_id=10821, 当前repetitions=1, interval=1 [in D:\Projects\VocabularyTrainer\app.py:1524]
2025-07-08 19:45:49,347 INFO: SRS算法更新: grade=5, repetitions: 1->2, interval: 1->6, next_review=2025-07-14 [in D:\Projects\VocabularyTrainer\app.py:1549]
2025-07-08 19:45:49,360 INFO: 单词添加到验证池: student_id=1, word_id=10821, claimed_grade=5 [in D:\Projects\VocabularyTrainer\app.py:1303]
2025-07-08 19:45:49,381 INFO: 高评分单词已添加到验证池: word_id=10821, grade=5 [in D:\Projects\VocabularyTrainer\app.py:1564]
2025-07-08 19:45:49,381 INFO: SRS进度更新成功: student_id=1, word_id=10821 [in D:\Projects\VocabularyTrainer\app.py:1566]
2025-07-08 19:45:50,140 INFO: 更新SRS进度请求: student_id=1 [in D:\Projects\VocabularyTrainer\app.py:1474]
2025-07-08 19:45:50,142 INFO: 更新SRS进度参数: word_id=10833, grade=5 [in D:\Projects\VocabularyTrainer\app.py:1488]
2025-07-08 19:45:50,146 INFO: 更新现有SRS进度: student_id=1, word_id=10833, 当前repetitions=1, interval=1 [in D:\Projects\VocabularyTrainer\app.py:1524]
2025-07-08 19:45:50,147 INFO: SRS算法更新: grade=5, repetitions: 1->2, interval: 1->6, next_review=2025-07-14 [in D:\Projects\VocabularyTrainer\app.py:1549]
2025-07-08 19:45:50,162 INFO: 单词添加到验证池: student_id=1, word_id=10833, claimed_grade=5 [in D:\Projects\VocabularyTrainer\app.py:1303]
2025-07-08 19:45:50,180 INFO: 高评分单词已添加到验证池: word_id=10833, grade=5 [in D:\Projects\VocabularyTrainer\app.py:1564]
2025-07-08 19:45:50,181 INFO: SRS进度更新成功: student_id=1, word_id=10833 [in D:\Projects\VocabularyTrainer\app.py:1566]
2025-07-08 19:45:51,564 INFO: 更新SRS进度请求: student_id=1 [in D:\Projects\VocabularyTrainer\app.py:1474]
2025-07-08 19:45:51,565 INFO: 更新SRS进度参数: word_id=10839, grade=5 [in D:\Projects\VocabularyTrainer\app.py:1488]
2025-07-08 19:45:51,568 INFO: 更新现有SRS进度: student_id=1, word_id=10839, 当前repetitions=1, interval=1 [in D:\Projects\VocabularyTrainer\app.py:1524]
2025-07-08 19:45:51,569 INFO: SRS算法更新: grade=5, repetitions: 1->2, interval: 1->6, next_review=2025-07-14 [in D:\Projects\VocabularyTrainer\app.py:1549]
2025-07-08 19:45:51,594 INFO: 单词添加到验证池: student_id=1, word_id=10839, claimed_grade=5 [in D:\Projects\VocabularyTrainer\app.py:1303]
2025-07-08 19:45:51,615 INFO: 高评分单词已添加到验证池: word_id=10839, grade=5 [in D:\Projects\VocabularyTrainer\app.py:1564]
2025-07-08 19:45:51,616 INFO: SRS进度更新成功: student_id=1, word_id=10839 [in D:\Projects\VocabularyTrainer\app.py:1566]
2025-07-08 19:45:52,920 INFO: 更新SRS进度请求: student_id=1 [in D:\Projects\VocabularyTrainer\app.py:1474]
2025-07-08 19:45:52,921 INFO: 更新SRS进度参数: word_id=10820, grade=5 [in D:\Projects\VocabularyTrainer\app.py:1488]
2025-07-08 19:45:52,925 INFO: 更新现有SRS进度: student_id=1, word_id=10820, 当前repetitions=1, interval=1 [in D:\Projects\VocabularyTrainer\app.py:1524]
2025-07-08 19:45:52,926 INFO: SRS算法更新: grade=5, repetitions: 1->2, interval: 1->6, next_review=2025-07-14 [in D:\Projects\VocabularyTrainer\app.py:1549]
2025-07-08 19:45:52,940 INFO: 单词添加到验证池: student_id=1, word_id=10820, claimed_grade=5 [in D:\Projects\VocabularyTrainer\app.py:1303]
2025-07-08 19:45:52,949 INFO: 高评分单词已添加到验证池: word_id=10820, grade=5 [in D:\Projects\VocabularyTrainer\app.py:1564]
2025-07-08 19:45:52,950 INFO: SRS进度更新成功: student_id=1, word_id=10820 [in D:\Projects\VocabularyTrainer\app.py:1566]
2025-07-08 19:45:57,183 INFO: 验证测试结果: student_id=1, word_id=10841, result=passed [in D:\Projects\VocabularyTrainer\app.py:1730]
