2025-07-15 01:46:50,228 INFO: 应用启动 [in D:\Projects\VocabularyTrainer\app.py:92]
2025-07-15 01:46:55,325 INFO: SRS复习单词获取: 用户ID=1, 错词数=4, 总单词数=4 [in D:\Projects\VocabularyTrainer\app.py:1516]
2025-07-15 01:46:57,387 INFO: SRS复习单词获取: 用户ID=1, 错词数=4, 总单词数=4 [in D:\Projects\VocabularyTrainer\app.py:1516]
2025-07-15 01:47:02,769 INFO: 更新SRS进度请求: student_id=1 [in D:\Projects\VocabularyTrainer\app.py:1529]
2025-07-15 01:47:02,770 INFO: 更新SRS进度参数: word_id=10813, grade=4 [in D:\Projects\VocabularyTrainer\app.py:1543]
2025-07-15 01:47:02,774 INFO: 更新现有SRS进度: student_id=1, word_id=10813, 当前repetitions=3, interval=15 [in D:\Projects\VocabularyTrainer\app.py:1579]
2025-07-15 01:47:02,777 INFO: SRS算法更新: grade=4, repetitions: 3->4, interval: 15->37, next_review=2025-08-21 [in D:\Projects\VocabularyTrainer\app.py:1604]
2025-07-15 01:47:02,801 INFO: 高评分单词已添加到验证池: word_id=10813, grade=4 [in D:\Projects\VocabularyTrainer\app.py:1619]
2025-07-15 01:47:02,803 INFO: SRS进度更新成功: student_id=1, word_id=10813 [in D:\Projects\VocabularyTrainer\app.py:1621]
2025-07-15 01:47:04,052 INFO: 更新SRS进度请求: student_id=1 [in D:\Projects\VocabularyTrainer\app.py:1529]
2025-07-15 01:47:04,053 INFO: 更新SRS进度参数: word_id=10841, grade=5 [in D:\Projects\VocabularyTrainer\app.py:1543]
2025-07-15 01:47:04,057 INFO: 更新现有SRS进度: student_id=1, word_id=10841, 当前repetitions=3, interval=15 [in D:\Projects\VocabularyTrainer\app.py:1579]
2025-07-15 01:47:04,058 INFO: SRS算法更新: grade=5, repetitions: 3->4, interval: 15->37, next_review=2025-08-21 [in D:\Projects\VocabularyTrainer\app.py:1604]
2025-07-15 01:47:04,075 INFO: 高评分单词已添加到验证池: word_id=10841, grade=5 [in D:\Projects\VocabularyTrainer\app.py:1619]
2025-07-15 01:47:04,077 INFO: SRS进度更新成功: student_id=1, word_id=10841 [in D:\Projects\VocabularyTrainer\app.py:1621]
2025-07-15 01:47:04,684 INFO: 更新SRS进度请求: student_id=1 [in D:\Projects\VocabularyTrainer\app.py:1529]
2025-07-15 01:47:04,685 INFO: 更新SRS进度参数: word_id=10842, grade=5 [in D:\Projects\VocabularyTrainer\app.py:1543]
2025-07-15 01:47:04,689 INFO: 更新现有SRS进度: student_id=1, word_id=10842, 当前repetitions=3, interval=15 [in D:\Projects\VocabularyTrainer\app.py:1579]
2025-07-15 01:47:04,690 INFO: SRS算法更新: grade=5, repetitions: 3->4, interval: 15->37, next_review=2025-08-21 [in D:\Projects\VocabularyTrainer\app.py:1604]
2025-07-15 01:47:04,715 INFO: 高评分单词已添加到验证池: word_id=10842, grade=5 [in D:\Projects\VocabularyTrainer\app.py:1619]
2025-07-15 01:47:04,716 INFO: SRS进度更新成功: student_id=1, word_id=10842 [in D:\Projects\VocabularyTrainer\app.py:1621]
2025-07-15 01:47:05,346 INFO: 更新SRS进度请求: student_id=1 [in D:\Projects\VocabularyTrainer\app.py:1529]
2025-07-15 01:47:05,347 INFO: 更新SRS进度参数: word_id=10832, grade=5 [in D:\Projects\VocabularyTrainer\app.py:1543]
2025-07-15 01:47:05,351 INFO: 更新现有SRS进度: student_id=1, word_id=10832, 当前repetitions=3, interval=15 [in D:\Projects\VocabularyTrainer\app.py:1579]
2025-07-15 01:47:05,352 INFO: SRS算法更新: grade=5, repetitions: 3->4, interval: 15->37, next_review=2025-08-21 [in D:\Projects\VocabularyTrainer\app.py:1604]
2025-07-15 01:47:05,367 INFO: 高评分单词已添加到验证池: word_id=10832, grade=5 [in D:\Projects\VocabularyTrainer\app.py:1619]
2025-07-15 01:47:05,367 INFO: SRS进度更新成功: student_id=1, word_id=10832 [in D:\Projects\VocabularyTrainer\app.py:1621]
2025-07-15 01:47:08,981 INFO: 验证测试结果: student_id=1, word_id=10832, result=passed [in D:\Projects\VocabularyTrainer\app.py:1785]
2025-07-15 01:47:23,267 INFO: 获取错误历史记录: student_id=1, limit=500, book_id=None, list_id=None, date_from=2025-06-14, date_to=2025-07-14, sort_by=error_date, sort_order=desc [in D:\Projects\VocabularyTrainer\app.py:636]
2025-07-15 01:48:48,745 INFO: 获取错误历史记录: student_id=1, limit=500, book_id=None, list_id=None, date_from=2025-06-14, date_to=2025-07-14, sort_by=error_date, sort_order=desc [in D:\Projects\VocabularyTrainer\app.py:636]
